//
//  VFR compiler version  2.01 (UEFI 2.4) Developer Build based on Revision: Unknown
//
extern unsigned char DeviceManagerUiLibStrings[];
formset
>00000000: 0E A7 E6 A8 BF 3E 1D 51 5B 4B A9 5F FB 38 26 0F 1C 27 02 00 03 00 01 F8 09 88 E5 C1 FB E2 48 88 3A A3 0F DC 4B 44 1E 
>00000027: 5C 06 00 00 00 00 
>0000002D: 5C 06 00 00 01 00 
  guid = { 0x3ebfa8e6, 0x511d, 0x4b5b, 0xa9, 0x5f, 0xfb, 0x38, 0x26, 0xf, 0x1c, 0x27 },
  title = STRING_TOKEN(0x0002),
  help = STRING_TOKEN(0x0003),
  classguid = { 0xe58809f8, 0xfbc1, 0x48e2, { 0x88, 0x3a, 0xa3, 0x0f, 0xdc, 0x4b, 0x44, 0x1e } },
  form formid = 0x1000,
>00000033: 01 86 00 10 02 00 
    title = STRING_TOKEN(0x0002);
    subtitle text = STRING_TOKEN(0x0004);
>00000039: 02 87 04 00 00 00 00 
>00000040: 29 02 
    label 0x1100;
>00000042: 5F 15 35 17 0B 0F A0 87 93 41 B2 66 53 8C 38 AF 48 CE 00 00 11 
    label 0xffff;
>00000057: 5F 15 35 17 0B 0F A0 87 93 41 B2 66 53 8C 38 AF 48 CE 00 FF FF 
    subtitle text = STRING_TOKEN(0x0006);
>0000006C: 02 87 06 00 00 00 00 
>00000073: 29 02 
    subtitle text = STRING_TOKEN(0x0006);
>00000075: 02 87 06 00 00 00 00 
>0000007C: 29 02 
    subtitle text = STRING_TOKEN(0x0007);
>0000007E: 02 87 07 00 00 00 00 
>00000085: 29 02 
  endform;
>00000087: 29 02 
  form formid = 0x1001,
>00000089: 01 86 01 10 0C 00 
    title = STRING_TOKEN(0x000C);
    subtitle text = STRING_TOKEN(0x000D);
>0000008F: 02 87 0D 00 00 00 00 
>00000096: 29 02 
    label 0x1101;
>00000098: 5F 15 35 17 0B 0F A0 87 93 41 B2 66 53 8C 38 AF 48 CE 00 01 11 
    label 0xffff;
>000000AD: 5F 15 35 17 0B 0F A0 87 93 41 B2 66 53 8C 38 AF 48 CE 00 FF FF 
    subtitle text = STRING_TOKEN(0x0006);
>000000C2: 02 87 06 00 00 00 00 
>000000C9: 29 02 
    subtitle text = STRING_TOKEN(0x0007);
>000000CB: 02 87 07 00 00 00 00 
>000000D2: 29 02 
  endform;
>000000D4: 29 02 
  form formid = 0x1002,
>000000D6: 01 86 02 10 09 00 
    title = STRING_TOKEN(0x0009);
    subtitle text = STRING_TOKEN(0x000A);
>000000DC: 02 87 0A 00 00 00 00 
>000000E3: 29 02 
    label 0x1102;
>000000E5: 5F 15 35 17 0B 0F A0 87 93 41 B2 66 53 8C 38 AF 48 CE 00 02 11 
    label 0xffff;
>000000FA: 5F 15 35 17 0B 0F A0 87 93 41 B2 66 53 8C 38 AF 48 CE 00 FF FF 
    subtitle text = STRING_TOKEN(0x0006);
>0000010F: 02 87 06 00 00 00 00 
>00000116: 29 02 
    subtitle text = STRING_TOKEN(0x0007);
>00000118: 02 87 07 00 00 00 00 
>0000011F: 29 02 
  endform;
>00000121: 29 02 
endformset;
>00000123: 29 02 

//
// All Opcode Record List 
//
>00000000: 0E A7 E6 A8 BF 3E 1D 51 5B 4B A9 5F FB 38 26 0F 1C 27 02 00 03 00 01 F8 09 88 E5 C1 FB E2 48 88 3A A3 0F DC 4B 44 1E 
>00000027: 5C 06 00 00 00 00 
>0000002D: 5C 06 00 00 01 00 
>00000033: 01 86 00 10 02 00 
>00000039: 02 87 04 00 00 00 00 
>00000040: 29 02 
>00000042: 5F 15 35 17 0B 0F A0 87 93 41 B2 66 53 8C 38 AF 48 CE 00 00 11 
>00000057: 5F 15 35 17 0B 0F A0 87 93 41 B2 66 53 8C 38 AF 48 CE 00 FF FF 
>0000006C: 02 87 06 00 00 00 00 
>00000073: 29 02 
>00000075: 02 87 06 00 00 00 00 
>0000007C: 29 02 
>0000007E: 02 87 07 00 00 00 00 
>00000085: 29 02 
>00000087: 29 02 
>00000089: 01 86 01 10 0C 00 
>0000008F: 02 87 0D 00 00 00 00 
>00000096: 29 02 
>00000098: 5F 15 35 17 0B 0F A0 87 93 41 B2 66 53 8C 38 AF 48 CE 00 01 11 
>000000AD: 5F 15 35 17 0B 0F A0 87 93 41 B2 66 53 8C 38 AF 48 CE 00 FF FF 
>000000C2: 02 87 06 00 00 00 00 
>000000C9: 29 02 
>000000CB: 02 87 07 00 00 00 00 
>000000D2: 29 02 
>000000D4: 29 02 
>000000D6: 01 86 02 10 09 00 
>000000DC: 02 87 0A 00 00 00 00 
>000000E3: 29 02 
>000000E5: 5F 15 35 17 0B 0F A0 87 93 41 B2 66 53 8C 38 AF 48 CE 00 02 11 
>000000FA: 5F 15 35 17 0B 0F A0 87 93 41 B2 66 53 8C 38 AF 48 CE 00 FF FF 
>0000010F: 02 87 06 00 00 00 00 
>00000116: 29 02 
>00000118: 02 87 07 00 00 00 00 
>0000011F: 29 02 
>00000121: 29 02 
>00000123: 29 02 

Total Size of all record is 0x00000125


***************************************************************
		mPackAlign = 8
		struct EFI_HII_REF : mAlign [16] mTotalSize [0x16]

		struct EFI_HII_REF {
			+00000000[00000000] QuestionId <UINT16>
			+00000002[00000002] FormId <UINT16>
			+00000004[00000004] FormSetGuid <(null)>
			+00000020[00000014] DevicePath <EFI_STRING_ID>
		};
---------------------------------------------------------------
		struct EFI_HII_TIME : mAlign [1] mTotalSize [0x3]

		struct EFI_HII_TIME {
			+00000000[00000000] Hours <UINT8>
			+00000001[00000001] Minutes <UINT8>
			+00000002[00000002] Seconds <UINT8>
		};
---------------------------------------------------------------
		struct EFI_STRING_ID : mAlign [2] mTotalSize [0x2]

		struct EFI_STRING_ID {
		};
---------------------------------------------------------------
		struct EFI_HII_DATE : mAlign [2] mTotalSize [0x4]

		struct EFI_HII_DATE {
			+00000000[00000000] Year <UINT16>
			+00000002[00000002] Month <UINT8>
			+00000003[00000003] Day <UINT8>
		};
---------------------------------------------------------------
		struct BOOLEAN : mAlign [1] mTotalSize [0x1]

		struct BOOLEAN {
		};
---------------------------------------------------------------
		struct UINT8 : mAlign [1] mTotalSize [0x1]

		struct UINT8 {
		};
---------------------------------------------------------------
		struct UINT16 : mAlign [2] mTotalSize [0x2]

		struct UINT16 {
		};
---------------------------------------------------------------
		struct UINT32 : mAlign [4] mTotalSize [0x4]

		struct UINT32 {
		};
---------------------------------------------------------------
		struct UINT64 : mAlign [8] mTotalSize [0x8]

		struct UINT64 {
		};
---------------------------------------------------------------
***************************************************************
