//
//  VFR compiler version  2.01 (UEFI 2.4) Developer Build based on Revision: Unknown
//
extern unsigned char DriverHealthManagerDxeStrings[];
extern EFI_GUID gEfiHiiPlatformSetupFormsetGuid;
extern EFI_GUID { 0xf22fc20c, 0x8cf4, 0x45eb, { 0x8e, 0x6, 0xad, 0x4e, 0x50, 0xb9, 0x5d, 0xd3 }};
extern EFI_GUID gEfiHiiUserCredentialFormsetGuid;
formset
>00000000: 0E A7 F4 D9 96 42 FC F6 DE 4D 86 85 8C E2 D7 9D 90 F0 02 00 03 00 01 F4 D9 96 42 FC F6 DE 4D 86 85 8C E2 D7 9D 90 F0 
>00000027: 5C 06 00 00 00 00 
>0000002D: 5C 06 00 00 01 00 
  guid = { 0x4296d9f4, 0xf6fc, 0x4dde, { 0x86, 0x85, 0x8c, 0xe2, 0xd7, 0x9d, 0x90, 0xf0 } },
  title = STRING_TOKEN(0x0002),
  help = STRING_TOKEN(0x0003),
  classguid = { 0x4296d9f4, 0xf6fc, 0x4dde, { 0x86, 0x85, 0x8c, 0xe2, 0xd7, 0x9d, 0x90, 0xf0 } },
  form formid = 0x1001,
>00000033: 01 86 01 10 02 00 
      title = STRING_TOKEN(0x0002);
      label 0x2000;
>00000039: 5F 15 35 17 0B 0F A0 87 93 41 B2 66 53 8C 38 AF 48 CE 00 00 20 
      label 0x2001;
>0000004E: 5F 15 35 17 0B 0F A0 87 93 41 B2 66 53 8C 38 AF 48 CE 00 01 20 
      suppressif TRUE;
>00000063: 0A 82 
>00000065: 46 02 
          text
              help = STRING_TOKEN(0x0004),
              text = STRING_TOKEN(0x0004),
              flags = INTERACTIVE,
>00000067: 0C 8F 04 00 04 00 02 00 00 00 FF FF 04 00 00 
              key = 0x0002;
>00000076: 29 02 
      endif;
>00000078: 29 02 
  endform;
>0000007A: 29 02 
endformset;
>0000007C: 29 02 

//
// All Opcode Record List 
//
>00000000: 0E A7 F4 D9 96 42 FC F6 DE 4D 86 85 8C E2 D7 9D 90 F0 02 00 03 00 01 F4 D9 96 42 FC F6 DE 4D 86 85 8C E2 D7 9D 90 F0 
>00000027: 5C 06 00 00 00 00 
>0000002D: 5C 06 00 00 01 00 
>00000033: 01 86 01 10 02 00 
>00000039: 5F 15 35 17 0B 0F A0 87 93 41 B2 66 53 8C 38 AF 48 CE 00 00 20 
>0000004E: 5F 15 35 17 0B 0F A0 87 93 41 B2 66 53 8C 38 AF 48 CE 00 01 20 
>00000063: 0A 82 
>00000065: 46 02 
>00000067: 0C 8F 04 00 04 00 02 00 00 00 FF FF 04 00 00 
>00000076: 29 02 
>00000078: 29 02 
>0000007A: 29 02 
>0000007C: 29 02 

Total Size of all record is 0x0000007E


***************************************************************
		mPackAlign = 8
		struct EFI_HII_REF : mAlign [16] mTotalSize [0x16]

		struct EFI_HII_REF {
			+00000000[00000000] QuestionId <UINT16>
			+00000002[00000002] FormId <UINT16>
			+00000004[00000004] FormSetGuid <(null)>
			+00000020[00000014] DevicePath <EFI_STRING_ID>
		};
---------------------------------------------------------------
		struct EFI_HII_TIME : mAlign [1] mTotalSize [0x3]

		struct EFI_HII_TIME {
			+00000000[00000000] Hours <UINT8>
			+00000001[00000001] Minutes <UINT8>
			+00000002[00000002] Seconds <UINT8>
		};
---------------------------------------------------------------
		struct EFI_STRING_ID : mAlign [2] mTotalSize [0x2]

		struct EFI_STRING_ID {
		};
---------------------------------------------------------------
		struct EFI_HII_DATE : mAlign [2] mTotalSize [0x4]

		struct EFI_HII_DATE {
			+00000000[00000000] Year <UINT16>
			+00000002[00000002] Month <UINT8>
			+00000003[00000003] Day <UINT8>
		};
---------------------------------------------------------------
		struct BOOLEAN : mAlign [1] mTotalSize [0x1]

		struct BOOLEAN {
		};
---------------------------------------------------------------
		struct UINT8 : mAlign [1] mTotalSize [0x1]

		struct UINT8 {
		};
---------------------------------------------------------------
		struct UINT16 : mAlign [2] mTotalSize [0x2]

		struct UINT16 {
		};
---------------------------------------------------------------
		struct UINT32 : mAlign [4] mTotalSize [0x4]

		struct UINT32 {
		};
---------------------------------------------------------------
		struct UINT64 : mAlign [8] mTotalSize [0x8]

		struct UINT64 {
		};
---------------------------------------------------------------
***************************************************************
